<?xml version="1.0" encoding="UTF-8"?>
<!-- Generated by org.testng.reporters.JUnitReportReporter -->
<testsuite hostname="DESKTOP-EVNKM3L" failures="0" tests="1" name="Sai.Sample" time="43.732" errors="0" timestamp="31 Oct 2023 05:59:03 GMT" skipped="0">
  <testcase classname="Sai.Sample" name="sampleTest" time="43.732"/>
</testsuite> <!-- Sai.Sample -->
