<?xml version="1.0" encoding="UTF-8"?>
<!-- Generated by org.testng.reporters.JUnitReportReporter -->
<testsuite hostname="DESKTOP-EVNKM3L" failures="0" tests="1" name="Sai.EyLead" time="92.598" errors="0" timestamp="26 Oct 2023 13:37:47 GMT" skipped="0">
  <testcase classname="Sai.EyLead" name="leadCreation" time="92.598"/>
</testsuite> <!-- Sai.EyLead -->
