<?xml version="1.0" encoding="UTF-8"?>
<!-- Generated by org.testng.reporters.JUnitReportReporter -->
<testsuite hostname="DESKTOP-EVNKM3L" failures="0" tests="1" name="Sai.MyTest" time="6.136" errors="0" timestamp="12 Oct 2023 12:26:32 GMT" skipped="0">
  <testcase classname="Sai.MyTest" name="myTest" time="6.136"/>
</testsuite> <!-- Sai.MyTest -->
