<?xml version="1.0" encoding="UTF-8"?>
<!-- Generated by org.testng.reporters.JUnitReportReporter -->
<testsuite hostname="DESKTOP-EVNKM3L" failures="0" tests="1" name="Sai.GoogleTestTest" time="10.291" errors="0" timestamp="19 Oct 2023 09:32:04 GMT" skipped="0">
  <testcase classname="Sai.GoogleTestTest" name="myTest" time="10.291"/>
</testsuite> <!-- Sai.GoogleTestTest -->
