<?xml version="1.0" encoding="UTF-8"?>
<!-- Generated by org.testng.reporters.JUnitReportReporter -->
<testsuite hostname="DESKTOP-EVNKM3L" failures="0" tests="1" name="Test.FirstTest" time="9.487" errors="0" timestamp="12 Oct 2023 09:53:01 GMT" skipped="0">
  <testcase classname="Test.FirstTest" name="lunchBrowser" time="9.487"/>
</testsuite> <!-- Test.FirstTest -->
