<?xml version="1.0" encoding="UTF-8"?>
<!-- Generated by org.testng.reporters.JUnitReportReporter -->
<testsuite hostname="DESKTOP-EVNKM3L" failures="0" tests="1" name="Sai.PusuiteCreation" time="534.295" errors="0" timestamp="27 Oct 2023 12:28:20 GMT" skipped="0">
  <testcase classname="Sai.PusuiteCreation" name="createPursuite" time="534.295"/>
</testsuite> <!-- Sai.PusuiteCreation -->
