<?xml version="1.0" encoding="UTF-8"?>
<!-- Generated by org.testng.reporters.JUnitReportReporter -->
<testsuite hostname="DESKTOP-EVNKM3L" failures="0" tests="1" name="Sai.Bulk" time="456.353" errors="0" timestamp="26 Oct 2023 13:33:05 GMT" skipped="0">
  <testcase classname="Sai.Bulk" name="bulkLeads" time="456.353"/>
</testsuite> <!-- Sai.Bulk -->
