<?xml version="1.0" encoding="UTF-8"?>
<!-- Generated by org.testng.reporters.JUnitReportReporter -->
<testsuite hostname="DESKTOP-EVNKM3L" failures="0" tests="1" name="Sai.Trail" time="6.034" errors="0" timestamp="12 Oct 2023 10:28:49 GMT" skipped="0">
  <testcase classname="Sai.Trail" name="lunch" time="6.034"/>
</testsuite> <!-- Sai.Trail -->
