<?xml version="1.0" encoding="UTF-8"?>
<!-- Generated by org.testng.reporters.JUnitReportReporter -->
<testsuite hostname="DESKTOP-EVNKM3L" failures="0" tests="1" name="Sai.Jenkins" time="6.423" errors="0" timestamp="12 Oct 2023 10:41:12 GMT" skipped="0">
  <testcase classname="Sai.Jenkins" name="lunch" time="6.423"/>
</testsuite> <!-- Sai.Jenkins -->
