<?xml version="1.0" encoding="UTF-8"?>
<!-- Generated by org.testng.reporters.JUnitReportReporter -->
<testsuite hostname="DESKTOP-EVNKM3L" failures="0" tests="1" name="Sai.Flipkart" time="9.547" errors="0" timestamp="12 Oct 2023 12:26:17 GMT" skipped="0">
  <testcase classname="Sai.Flipkart" name="flipkart" time="9.547"/>
</testsuite> <!-- Sai.Flipkart -->
