<?xml version="1.0" encoding="UTF-8"?>
<!-- Generated by org.testng.reporters.JUnitReportReporter -->
<testsuite hostname="DESKTOP-EVNKM3L" failures="0" tests="1" name="Sai.FlipkartTest" time="8.454" errors="0" timestamp="19 Oct 2023 09:38:12 GMT" skipped="0">
  <testcase classname="Sai.FlipkartTest" name="flipkartTest" time="8.454"/>
</testsuite> <!-- Sai.FlipkartTest -->
