<?xml version="1.0" encoding="UTF-8"?>
<!-- Generated by org.testng.reporters.JUnitReportReporter -->
<testsuite hostname="DESKTOP-EVNKM3L" failures="0" tests="1" name="Sai.FlipkartTest" time="18.145" errors="0" timestamp="04 Jan 2024 06:47:41 GMT" skipped="0">
  <testcase classname="Sai.FlipkartTest" name="flipkartTest" time="18.145"/>
</testsuite> <!-- Sai.FlipkartTest -->
