<?xml version="1.0" encoding="UTF-8"?>
<!-- Generated by org.testng.reporters.JUnitReportReporter -->
<testsuite hostname="DESKTOP-EVNKM3L" failures="0" tests="1" name="Sai.MyTest" time="9.522" errors="0" timestamp="19 Oct 2023 09:20:26 GMT" skipped="0">
  <testcase classname="Sai.MyTest" name="myTest" time="9.522"/>
</testsuite> <!-- Sai.MyTest -->
